<?xml version="1.0" encoding="UTF-8"?>
<!-- Generated by org.testng.reporters.JUnitReportReporter -->
<testsuite hostname="Saranya" failures="0" tests="2" name="com.expleo.poModel.PomBasics1" time="21.520" errors="0" timestamp="2025-03-24T21:05:34 IST" skipped="0">
  <testcase classname="com.expleo.poModel.PomBasics1" name="verifyHomepageTitle" time="0.016"/>
  <testcase classname="com.expleo.poModel.PomBasics1" name="searchTest" time="21.504"/>
</testsuite> <!-- com.expleo.poModel.PomBasics1 -->
