<?xml version="1.0" encoding="UTF-8"?>
<!-- Generated by org.testng.reporters.JUnitReportReporter -->
<testsuite hostname="Saranya" failures="0" tests="5" name="com.expleo.Air_irctc.NewTest6" time="0.016" errors="0" timestamp="2025-03-24T10:22:10 IST" skipped="0">
  <testcase classname="com.expleo.Air_irctc.NewTest6" name="e" time="0.009"/>
  <testcase classname="com.expleo.Air_irctc.NewTest6" name="c" time="0.001"/>
  <testcase classname="com.expleo.Air_irctc.NewTest6" name="b" time="0.003"/>
  <testcase classname="com.expleo.Air_irctc.NewTest6" name="d" time="0.002"/>
  <testcase classname="com.expleo.Air_irctc.NewTest6" name="a" time="0.001"/>
</testsuite> <!-- com.expleo.Air_irctc.NewTest6 -->
