<?xml version="1.0" encoding="UTF-8"?>
<!-- Generated by org.testng.reporters.JUnitReportReporter -->
<testsuite hostname="Saranya" failures="0" tests="4" name="com.expleo.Air_irctc.DataProviderDemo1" time="166.451" errors="0" timestamp="2025-03-25T16:43:35 IST" skipped="0">
  <testcase classname="com.expleo.Air_irctc.DataProviderDemo1" name="search" time="36.663"/>
  <testcase classname="com.expleo.Air_irctc.DataProviderDemo1" name="search" time="38.976"/>
  <testcase classname="com.expleo.Air_irctc.DataProviderDemo1" name="search" time="49.206"/>
  <testcase classname="com.expleo.Air_irctc.DataProviderDemo1" name="search" time="41.606"/>
</testsuite> <!-- com.expleo.Air_irctc.DataProviderDemo1 -->
