<?xml version="1.0" encoding="UTF-8"?>
<!-- Generated by org.testng.reporters.JUnitReportReporter -->
<testsuite hostname="Saranya" failures="0" tests="1" name="com.expleo.poModel.PomBasics1" time="0.016" errors="0" timestamp="2025-03-24T11:35:15 IST" skipped="0">
  <testcase classname="com.expleo.poModel.PomBasics1" name="homepage" time="0.016"/>
</testsuite> <!-- com.expleo.poModel.PomBasics1 -->
