<?xml version="1.0" encoding="UTF-8"?>
<!-- Generated by org.testng.reporters.JUnitReportReporter -->
<testsuite hostname="Saranya" failures="0" tests="2" name="com.expleo.Air_irctc.NewTest2" time="0.012" errors="0" timestamp="2025-03-21T13:09:15 IST" skipped="0">
  <testcase classname="com.expleo.Air_irctc.NewTest2" name="logout" time="0.003"/>
  <testcase classname="com.expleo.Air_irctc.NewTest2" name="login" time="0.009"/>
</testsuite> <!-- com.expleo.Air_irctc.NewTest2 -->
