<?xml version="1.0" encoding="UTF-8"?>
<!-- Generated by org.testng.reporters.JUnitReportReporter -->
<testsuite hostname="Saranya" failures="0" tests="2" name="com.expleo.Air_irctc.NewTest10" time="0.013" errors="0" timestamp="2025-03-21T14:34:56 IST" skipped="0">
  <testcase classname="com.expleo.Air_irctc.NewTest10" name="f2" time="0.001"/>
  <testcase classname="com.expleo.Air_irctc.NewTest10" name="f1" time="0.012"/>
</testsuite> <!-- com.expleo.Air_irctc.NewTest10 -->
