<?xml version="1.0" encoding="UTF-8"?>
<!-- Generated by org.testng.reporters.JUnitReportReporter -->
<testsuite hostname="Saranya" failures="0" tests="2" name="com.expleo.Air_irctc.NewTest2" time="0.000" errors="0" timestamp="2025-03-24T10:24:51 IST" skipped="2">
  <testcase classname="com.expleo.Air_irctc.NewTest2" name="login" time="0.000">
    <skipped/>
  </testcase> <!-- login -->
  <testcase classname="com.expleo.Air_irctc.NewTest2" name="logout" time="0.000">
    <skipped/>
  </testcase> <!-- logout -->
</testsuite> <!-- com.expleo.Air_irctc.NewTest2 -->
