<?xml version="1.0" encoding="UTF-8"?>
<!-- Generated by org.testng.reporters.JUnitReportReporter -->
<testsuite hostname="Saranya" failures="0" tests="5" name="com.expleo.Air_irctc.NewTest8" time="0.025" errors="0" timestamp="2025-03-21T12:57:39 IST" skipped="0">
  <testcase classname="com.expleo.Air_irctc.NewTest8" name="f" time="0.003"/>
  <testcase classname="com.expleo.Air_irctc.NewTest8" name="e" time="0.013"/>
  <testcase classname="com.expleo.Air_irctc.NewTest8" name="f3" time="0.003"/>
  <testcase classname="com.expleo.Air_irctc.NewTest8" name="f1" time="0.003"/>
  <testcase classname="com.expleo.Air_irctc.NewTest8" name="f2" time="0.003"/>
</testsuite> <!-- com.expleo.Air_irctc.NewTest8 -->
