<?xml version="1.0" encoding="UTF-8"?>
<!-- Generated by org.testng.reporters.JUnitReportReporter -->
<testsuite hostname="Saranya" failures="0" tests="3" name="com.expleo.Air_irctc.NewTest7" time="0.012" errors="0" timestamp="2025-03-21T12:48:13 IST" skipped="2">
  <testcase classname="com.expleo.Air_irctc.NewTest7" name="c" time="0.012"/>
  <testcase classname="com.expleo.Air_irctc.NewTest7" name="a">
    <skipped/>
  </testcase> <!-- a -->
  <testcase classname="com.expleo.Air_irctc.NewTest7" name="b">
    <skipped/>
  </testcase> <!-- b -->
</testsuite> <!-- com.expleo.Air_irctc.NewTest7 -->
