<?xml version="1.0" encoding="UTF-8"?>
<!-- Generated by org.testng.reporters.JUnitReportReporter -->
<testsuite hostname="Saranya" failures="0" tests="1" name="com.expleo.Air_irctc.NewTest" time="0.007" errors="0" timestamp="2025-03-24T10:28:51 IST" skipped="0">
  <testcase classname="com.expleo.Air_irctc.NewTest" name="AssertionExample" time="0.007"/>
</testsuite> <!-- com.expleo.Air_irctc.NewTest -->
