<?xml version="1.0" encoding="UTF-8"?>
<!-- Generated by org.testng.reporters.JUnitReportReporter -->
<testsuite hostname="Saranya" failures="0" tests="4" name="com.expleo.Air_irctc.DataProviderDemo3" time="487.919" errors="0" timestamp="2025-03-25T21:12:26 IST" skipped="0">
  <testcase classname="com.expleo.Air_irctc.DataProviderDemo3" name="search" time="146.159"/>
  <testcase classname="com.expleo.Air_irctc.DataProviderDemo3" name="search" time="72.247"/>
  <testcase classname="com.expleo.Air_irctc.DataProviderDemo3" name="search" time="134.539"/>
  <testcase classname="com.expleo.Air_irctc.DataProviderDemo3" name="search" time="134.974"/>
</testsuite> <!-- com.expleo.Air_irctc.DataProviderDemo3 -->
