<?xml version="1.0" encoding="UTF-8"?>
<!-- Generated by org.testng.reporters.JUnitReportReporter -->
<testsuite hostname="Saranya" failures="0" tests="2" name="com.expleo.Air_irctc.NewTest2" time="0.011" errors="0" timestamp="2025-03-25T12:52:12 IST" skipped="0">
  <testcase classname="com.expleo.Air_irctc.NewTest2" name="login" time="0.009"/>
  <testcase classname="com.expleo.Air_irctc.NewTest2" name="logout" time="0.002"/>
</testsuite> <!-- com.expleo.Air_irctc.NewTest2 -->
