<?xml version="1.0" encoding="UTF-8"?>
<!-- Generated by org.testng.reporters.JUnitReportReporter -->
<testsuite hostname="Saranya" failures="0" tests="2" name="com.expleo.Air_irctc.NewTest11" time="0.009" errors="0" timestamp="2025-03-21T15:07:56 IST" skipped="0">
  <testcase classname="com.expleo.Air_irctc.NewTest11" name="f" time="0.007"/>
  <testcase classname="com.expleo.Air_irctc.NewTest11" name="f1" time="0.002"/>
</testsuite> <!-- com.expleo.Air_irctc.NewTest11 -->
