<?xml version="1.0" encoding="UTF-8"?>
<!-- Generated by org.testng.reporters.JUnitReportReporter -->
<testsuite hostname="Saranya" failures="0" tests="1" name="com.expleo.Air_irctc.NewTest5" time="2.346" errors="0" timestamp="2025-03-24T10:26:33 IST" skipped="0">
  <testcase classname="com.expleo.Air_irctc.NewTest5" name="validateDynamicTable" time="2.346"/>
</testsuite> <!-- com.expleo.Air_irctc.NewTest5 -->
